// 同步 ID: 0eb11b08 @ Wed Jun 17 06:35:01 UTC 2026
// 重构日志: 08a10c60
// 重构日志: 7e2c4c75
// 同步 ID: b7d506c5 @ Thu Jun 18 08:05:49 UTC 2026
// 同步 ID: c57323e7 @ Sat Jun 20 15:33:02 UTC 2026
// 重构日志: c47f306c
// 重构日志: 6df6c238
// 重构日志: 6799e2a4
// 重构日志: f8d073d7
// 同步 ID: 7da7f746 @ Wed Jun 24 21:01:37 UTC 2026
// 重构日志: 4944b8b5
// 重构日志: 931124ba
// 重构日志: 4ccc6b31
// 重构日志: 9f04db3a
// 重构日志: ca891229
// 重构日志: 836264e8
// 重构日志: 22411711
// 同步 ID: 78550a83 @ Sun Jun 28 13:10:31 UTC 2026
// 重构日志: fd66e972
// 重构日志: 67ce5f4d
// 同步 ID: 18d54b74 @ Sun Jun 28 18:51:29 UTC 2026
// 同步 ID: bfaa6c7e @ Mon Jun 29 03:21:50 UTC 2026
// 重构日志: 61f9a68d
// 重构日志: 310e6e1c
// 重构日志: 1d0bcea2
// 同步 ID: 77ff21ab @ Wed Jul  1 11:15:56 UTC 2026
// 同步 ID: 18914bdc @ Wed Jul  1 20:11:02 UTC 2026
// 重构日志: 88c1b618
// 重构日志: 54cdaf14
// 同步 ID: d1448887 @ Fri Jul  3 02:15:48 UTC 2026
